<?xml version="1.0" encoding="UTF-8"?>
<!-- Generated by org.testng.reporters.JUnitReportReporter -->
<testsuite hostname="VeradeMacBook-Pro.local" name="com.test.testcases.Login" tests="1" failures="0" timestamp="30 Mar 2017 09:56:05 GMT" time="13.504" errors="0">
  <testcase name="testLogin" time="13.504" classname="com.test.testcases.Login"/>
</testsuite> <!-- com.test.testcases.Login -->
